 
****************************************
Report : timing
        -path full
        -delay max
        -max_paths 4
Design : bert_encoder
Version: R-2020.09-SP5
Date   : Wed Jun  5 15:27:36 2024
****************************************

Operating Conditions: slow   Library: slow
Wire Load Model Mode: top

  Startpoint: compute_finish (internal pin)
  Endpoint: compute_finish
            (output port clocked by clk)
  Path Group: (none)
  Path Type: max

  Point                                    Incr       Path
  -----------------------------------------------------------
  compute_finish (out)                     0.00       0.00 r
  data arrival time                                   0.00
  -----------------------------------------------------------
  (Path is unconstrained)


  Startpoint: sram_weight_wea0[15] (internal pin)
  Endpoint: sram_weight_wea0[15]
            (output port clocked by clk)
  Path Group: (none)
  Path Type: max

  Point                                    Incr       Path
  -----------------------------------------------------------
  sram_weight_wea0[15] (out)               0.00       0.00 r
  data arrival time                                   0.00
  -----------------------------------------------------------
  (Path is unconstrained)


  Startpoint: sram_weight_wea0[14] (internal pin)
  Endpoint: sram_weight_wea0[14]
            (output port clocked by clk)
  Path Group: (none)
  Path Type: max

  Point                                    Incr       Path
  -----------------------------------------------------------
  sram_weight_wea0[14] (out)               0.00       0.00 r
  data arrival time                                   0.00
  -----------------------------------------------------------
  (Path is unconstrained)


  Startpoint: sram_weight_wea0[13] (internal pin)
  Endpoint: sram_weight_wea0[13]
            (output port clocked by clk)
  Path Group: (none)
  Path Type: max

  Point                                    Incr       Path
  -----------------------------------------------------------
  sram_weight_wea0[13] (out)               0.00       0.00 r
  data arrival time                                   0.00
  -----------------------------------------------------------
  (Path is unconstrained)


1
